<?xml version="1.0" encoding="UTF-8"?>
<testng-results ignored="0" total="6" passed="6" failed="0" skipped="0">
  <reporter-output>
  </reporter-output>
  <suite started-at="2024-05-14T18:40:14 IST" name="Default suite" finished-at="2024-05-14T18:40:51 IST" duration-ms="36651">
    <groups>
    </groups>
    <test started-at="2024-05-14T18:40:14 IST" name="Default test" finished-at="2024-05-14T18:40:51 IST" duration-ms="36651">
      <class name="rajtesile.homepageTest">
        <test-method is-config="true" signature="navigate_functionality()[pri:0, instance:rajtesile.homepageTest@611df6e3]" started-at="2024-05-14T18:40:14 IST" name="navigate_functionality" finished-at="2024-05-14T18:40:25 IST" duration-ms="11119" status="PASS">
          <reporter-output>
          </reporter-output>
        </test-method> <!-- navigate_functionality -->
        <test-method signature="visibility_verticlas()[pri:1, instance:rajtesile.homepageTest@611df6e3]" started-at="2024-05-14T18:40:25 IST" name="visibility_verticlas" finished-at="2024-05-14T18:40:29 IST" duration-ms="3220" status="PASS">
          <reporter-output>
          </reporter-output>
        </test-method> <!-- visibility_verticlas -->
        <test-method signature="visbility_technologies()[pri:2, instance:rajtesile.homepageTest@611df6e3]" started-at="2024-05-14T18:40:29 IST" name="visbility_technologies" finished-at="2024-05-14T18:40:32 IST" duration-ms="3342" status="PASS">
          <reporter-output>
          </reporter-output>
        </test-method> <!-- visbility_technologies -->
        <test-method signature="visibility_aboutus()[pri:3, instance:rajtesile.homepageTest@611df6e3]" started-at="2024-05-14T18:40:32 IST" name="visibility_aboutus" finished-at="2024-05-14T18:40:38 IST" duration-ms="5870" status="PASS">
          <reporter-output>
          </reporter-output>
        </test-method> <!-- visibility_aboutus -->
        <test-method signature="visibility_contactus()[pri:4, instance:rajtesile.homepageTest@611df6e3]" started-at="2024-05-14T18:40:38 IST" name="visibility_contactus" finished-at="2024-05-14T18:40:43 IST" duration-ms="5087" status="PASS">
          <reporter-output>
          </reporter-output>
        </test-method> <!-- visibility_contactus -->
        <test-method signature="visibility_portfolio()[pri:5, instance:rajtesile.homepageTest@611df6e3]" started-at="2024-05-14T18:40:43 IST" name="visibility_portfolio" finished-at="2024-05-14T18:40:49 IST" duration-ms="5522" status="PASS">
          <reporter-output>
          </reporter-output>
        </test-method> <!-- visibility_portfolio -->
        <test-method signature="visibility_getfreequotes()[pri:6, instance:rajtesile.homepageTest@611df6e3]" started-at="2024-05-14T18:40:49 IST" name="visibility_getfreequotes" finished-at="2024-05-14T18:40:51 IST" duration-ms="2203" status="PASS">
          <reporter-output>
          </reporter-output>
        </test-method> <!-- visibility_getfreequotes -->
        <test-method is-config="true" signature="quitFunctionality()[pri:0, instance:rajtesile.homepageTest@611df6e3]" started-at="2024-05-14T18:40:51 IST" name="quitFunctionality" finished-at="2024-05-14T18:40:51 IST" duration-ms="192" status="PASS">
          <reporter-output>
          </reporter-output>
        </test-method> <!-- quitFunctionality -->
      </class> <!-- rajtesile.homepageTest -->
    </test> <!-- Default test -->
  </suite> <!-- Default suite -->
</testng-results>
