<?xml version="1.0" encoding="UTF-8"?>
<testng-results ignored="0" total="7" passed="7" failed="0" skipped="0">
  <reporter-output>
  </reporter-output>
  <suite started-at="2025-06-30T21:07:22 IST" name="Default suite" finished-at="2025-06-30T21:07:39 IST" duration-ms="16644">
    <groups>
    </groups>
    <test started-at="2025-06-30T21:07:22 IST" name="Default test" finished-at="2025-06-30T21:07:39 IST" duration-ms="16644">
      <class name="tranktechnologies.tranktechnologies.Homepage">
        <test-method signature="homepage()[pri:1, instance:tranktechnologies.tranktechnologies.Homepage@44e3760b]" started-at="2025-06-30T21:07:22 IST" name="homepage" finished-at="2025-06-30T21:07:27 IST" duration-ms="4465" status="PASS">
          <reporter-output>
          </reporter-output>
        </test-method> <!-- homepage -->
        <test-method signature="Exploremore()[pri:2, instance:tranktechnologies.tranktechnologies.Homepage@44e3760b]" started-at="2025-06-30T21:07:27 IST" name="Exploremore" finished-at="2025-06-30T21:07:30 IST" duration-ms="2722" status="PASS">
          <reporter-output>
          </reporter-output>
        </test-method> <!-- Exploremore -->
        <test-method signature="Redirect()[pri:3, instance:tranktechnologies.tranktechnologies.Homepage@44e3760b]" started-at="2025-06-30T21:07:30 IST" name="Redirect" finished-at="2025-06-30T21:07:32 IST" duration-ms="2641" status="PASS">
          <reporter-output>
          </reporter-output>
        </test-method> <!-- Redirect -->
        <test-method signature="Arrrow()[pri:4, instance:tranktechnologies.tranktechnologies.Homepage@44e3760b]" started-at="2025-06-30T21:07:32 IST" name="Arrrow" finished-at="2025-06-30T21:07:32 IST" duration-ms="256" status="PASS">
          <reporter-output>
          </reporter-output>
        </test-method> <!-- Arrrow -->
        <test-method signature="Knowmore()[pri:5, instance:tranktechnologies.tranktechnologies.Homepage@44e3760b]" started-at="2025-06-30T21:07:32 IST" name="Knowmore" finished-at="2025-06-30T21:07:34 IST" duration-ms="1150" status="PASS">
          <reporter-output>
          </reporter-output>
        </test-method> <!-- Knowmore -->
        <test-method signature="Redirect2()[pri:6, instance:tranktechnologies.tranktechnologies.Homepage@44e3760b]" started-at="2025-06-30T21:07:34 IST" name="Redirect2" finished-at="2025-06-30T21:07:35 IST" duration-ms="1160" status="PASS">
          <reporter-output>
          </reporter-output>
        </test-method> <!-- Redirect2 -->
        <test-method signature="GetinTouch()[pri:7, instance:tranktechnologies.tranktechnologies.Homepage@44e3760b]" started-at="2025-06-30T21:07:35 IST" name="GetinTouch" finished-at="2025-06-30T21:07:38 IST" duration-ms="3087" status="PASS">
          <reporter-output>
          </reporter-output>
        </test-method> <!-- GetinTouch -->
        <test-method is-config="true" signature="close()[pri:0, instance:tranktechnologies.tranktechnologies.Homepage@44e3760b]" started-at="2025-06-30T21:07:38 IST" name="close" finished-at="2025-06-30T21:07:39 IST" duration-ms="999" status="PASS">
          <reporter-output>
          </reporter-output>
        </test-method> <!-- close -->
      </class> <!-- tranktechnologies.tranktechnologies.Homepage -->
    </test> <!-- Default test -->
  </suite> <!-- Default suite -->
</testng-results>
